[debug] [2025-09-18T06:21:52.380Z] ----------------------------------------------------------------------
[debug] [2025-09-18T06:21:52.387Z] Command:       C:\Program Files\nodejs\node.exe C:\Users\user\AppData\Roaming\npm\node_modules\firebase-tools\lib\bin\firebase.js init hosting
[debug] [2025-09-18T06:21:52.387Z] CLI Version:   14.16.0
[debug] [2025-09-18T06:21:52.388Z] Platform:      win32
[debug] [2025-09-18T06:21:52.388Z] Node Version:  v22.19.0
[debug] [2025-09-18T06:21:52.388Z] Time:          Thu Sep 18 2025 15:21:52 GMT+0900 (日本標準時)
[debug] [2025-09-18T06:21:52.389Z] ----------------------------------------------------------------------
[debug] 
[debug] [2025-09-18T06:21:52.400Z] > command requires scopes: ["email","openid","https://www.googleapis.com/auth/cloudplatformprojects.readonly","https://www.googleapis.com/auth/firebase","https://www.googleapis.com/auth/cloud-platform"]
[debug] [2025-09-18T06:21:52.401Z] > authorizing via signed-in user (kaneko.kousuke.next@gmail.com)
[info] 
     ######## #### ########  ######## ########     ###     ######  ########
     ##        ##  ##     ## ##       ##     ##  ##   ##  ##       ##
     ######    ##  ########  ######   ########  #########  ######  ######
     ##        ##  ##    ##  ##       ##     ## ##     ##       ## ##
     ##       #### ##     ## ######## ########  ##     ##  ######  ########

You're about to initialize a Firebase project in this directory:

  C:\Users\user\OneDrive\デスクトップ\GSSapp

[info] 
=== Project Setup
[info] 
[info] First, let's associate this project directory with a Firebase project.
[info] You can create multiple project aliases by running firebase use --add, 
[info] but for now we'll just set up a default project.
[info] 
[debug] [2025-09-18T06:24:05.019Z] Checked if tokens are valid: true, expires at: 1758180055784
[debug] [2025-09-18T06:24:05.020Z] Checked if tokens are valid: true, expires at: 1758180055784
[debug] [2025-09-18T06:24:05.022Z] >>> [apiv2][query] GET https://firebase.googleapis.com/v1beta1/projects pageSize=100
[debug] [2025-09-18T06:24:06.448Z] <<< [apiv2][status] GET https://firebase.googleapis.com/v1beta1/projects 200
[debug] [2025-09-18T06:24:06.449Z] <<< [apiv2][body] GET https://firebase.googleapis.com/v1beta1/projects [omitted]
[info] i  Using project gymnastics-score-sheet-app (Gymnastics score sheet app) 
[info] 
=== Hosting Setup
[debug] [2025-09-18T06:25:16.232Z] Checked if tokens are valid: true, expires at: 1758180055784
[debug] [2025-09-18T06:25:16.232Z] Checked if tokens are valid: true, expires at: 1758180055784
[debug] [2025-09-18T06:25:16.233Z] >>> [apiv2][query] GET https://firebase.googleapis.com/v1beta1/projects/gymnastics-score-sheet-app [none]
[debug] [2025-09-18T06:25:16.725Z] <<< [apiv2][status] GET https://firebase.googleapis.com/v1beta1/projects/gymnastics-score-sheet-app 200
[debug] [2025-09-18T06:25:16.726Z] <<< [apiv2][body] GET https://firebase.googleapis.com/v1beta1/projects/gymnastics-score-sheet-app {"projectId":"gymnastics-score-sheet-app","projectNumber":"935160013908","displayName":"Gymnastics score sheet app","name":"projects/gymnastics-score-sheet-app","resources":{"hostingSite":"gymnastics-score-sheet-app"},"state":"ACTIVE","etag":"1_b96ca6d8-324d-420e-b9ff-8639445bee1e"}
[info] 
[info] Your public directory is the folder (relative to your project directory) that
[info] will contain Hosting assets to be uploaded with firebase deploy. If you
[info] have a build process for your assets, use your build's output directory.
[info] 
[debug] [2025-09-18T06:28:29.125Z] >>> [apiv2][query] GET https://www.gstatic.com/firebasejs/releases.json [none]
[debug] [2025-09-18T06:28:29.315Z] <<< [apiv2][status] GET https://www.gstatic.com/firebasejs/releases.json 200
[debug] [2025-09-18T06:28:29.316Z] <<< [apiv2][body] GET https://www.gstatic.com/firebasejs/releases.json {"current":{"version":"12.2.1","browserURL":"https://www.gstatic.com/firebasejs/12.2.1/firebase.js","packageURL":"https://www.gstatic.com/firebasejs/12.2.1/firebase.tgz"},"live":{"version":"12.2","browserURL":"https://www.gstatic.com/firebasejs/live/12.2/firebase.js","packageURL":"https://www.gstatic.com/firebasejs/live/12.2/firebase.tgz"},"components":{"ai":"https://www.gstatic.com/firebasejs/12.2.1/firebase-ai.js","analytics":"https://www.gstatic.com/firebasejs/12.2.1/firebase-analytics.js","app":"https://www.gstatic.com/firebasejs/12.2.1/firebase-app.js","app-check":"https://www.gstatic.com/firebasejs/12.2.1/firebase-app-check.js","auth":"https://www.gstatic.com/firebasejs/12.2.1/firebase-auth.js","auth/cordova":"https://www.gstatic.com/firebasejs/12.2.1/firebase-auth/cordova.js","auth/web-extension":"https://www.gstatic.com/firebasejs/12.2.1/firebase-auth/web-extension.js","functions":"https://www.gstatic.com/firebasejs/12.2.1/firebase-functions.js","firestore":"https://www.gstatic.com/firebasejs/12.2.1/firebase-firestore.js","firestore/lite":"https://www.gstatic.com/firebasejs/12.2.1/firebase-firestore/lite.js","installations":"https://www.gstatic.com/firebasejs/12.2.1/firebase-installations.js","storage":"https://www.gstatic.com/firebasejs/12.2.1/firebase-storage.js","performance":"https://www.gstatic.com/firebasejs/12.2.1/firebase-performance.js","remote-config":"https://www.gstatic.com/firebasejs/12.2.1/firebase-remote-config.js","messaging":"https://www.gstatic.com/firebasejs/12.2.1/firebase-messaging.js","messaging/sw":"https://www.gstatic.com/firebasejs/12.2.1/firebase-messaging/sw.js","database":"https://www.gstatic.com/firebasejs/12.2.1/firebase-database.js","data-connect":"https://www.gstatic.com/firebasejs/12.2.1/firebase-data-connect.js","firestore.memory":"https://www.gstatic.com/firebasejs/12.2.1/firebase-firestore.memory.js"}}
[info] i  Skipping write of ./index.html 
[info] 
[info] i  Didn't detect a .git folder. Assuming C:\Users\user\OneDrive\デスクトップ\GSSapp is the project root. 
[info] i  Authorizing with GitHub to upload your service account to a GitHub repository's secrets store. 
[info] 
[info] Visit this URL on this device to log in:
[info] https://github.com/login/oauth/authorize?client_id=89cf50f02ac6aaed3484&state=927604322&redirect_uri=http%3A%2F%2Flocalhost%3A9005&scope=read%3Auser%20repo%20public_repo
[info] 
[info] Waiting for authentication...
[debug] [2025-09-18T06:37:23.571Z] >>> [apiv2][query] POST https://github.com/login/oauth/access_token [none]
[debug] [2025-09-18T06:37:23.571Z] >>> [apiv2][body] POST https://github.com/login/oauth/access_token [stream]
[debug] [2025-09-18T06:37:26.932Z] <<< [apiv2][status] POST https://github.com/login/oauth/access_token 200
[debug] [2025-09-18T06:37:26.932Z] <<< [apiv2][body] POST https://github.com/login/oauth/access_token {"access_token":"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","token_type":"bearer","scope":"read:user,repo"}
[debug] [2025-09-18T06:37:26.949Z] >>> [apiv2][query] GET https://api.github.com/user [none]
[debug] [2025-09-18T06:37:27.414Z] <<< [apiv2][status] GET https://api.github.com/user 200
[debug] [2025-09-18T06:37:27.415Z] <<< [apiv2][body] GET https://api.github.com/user {"login":"kanekokousukenext-dev","id":233015860,"node_id":"U_kgDODeOKNA","avatar_url":"https://avatars.githubusercontent.com/u/233015860?v=4","gravatar_id":"","url":"https://api.github.com/users/kanekokousukenext-dev","html_url":"https://github.com/kanekokousukenext-dev","followers_url":"https://api.github.com/users/kanekokousukenext-dev/followers","following_url":"https://api.github.com/users/kanekokousukenext-dev/following{/other_user}","gists_url":"https://api.github.com/users/kanekokousukenext-dev/gists{/gist_id}","starred_url":"https://api.github.com/users/kanekokousukenext-dev/starred{/owner}{/repo}","subscriptions_url":"https://api.github.com/users/kanekokousukenext-dev/subscriptions","organizations_url":"https://api.github.com/users/kanekokousukenext-dev/orgs","repos_url":"https://api.github.com/users/kanekokousukenext-dev/repos","events_url":"https://api.github.com/users/kanekokousukenext-dev/events{/privacy}","received_events_url":"https://api.github.com/users/kanekokousukenext-dev/received_events","type":"User","user_view_type":"private","site_admin":false,"name":null,"company":null,"blog":"","location":null,"email":null,"hireable":null,"bio":null,"twitter_username":null,"notification_email":null,"public_repos":0,"public_gists":0,"followers":0,"following":0,"created_at":"2025-09-18T06:35:29Z","updated_at":"2025-09-18T06:35:29Z","private_gists":0,"total_private_repos":0,"owned_private_repos":0,"disk_usage":0,"collaborators":0,"two_factor_authentication":false,"plan":{"name":"free","space":976562499,"collaborators":0,"private_repos":10000}}
[info] 
[info] +  Success! Logged into GitHub as kanekokousukenext-dev 
[info] 
[debug] [2025-09-18T06:48:29.134Z] ExitPromptError: User force closed the prompt with SIGINT
    at Interface.sigint (C:\Users\user\AppData\Roaming\npm\node_modules\firebase-tools\node_modules\@inquirer\core\dist\commonjs\lib\create-prompt.js:101:37)
    at Interface.emit (node:events:519:28)
    at Interface.emit (node:domain:489:12)
    at [_ttyWrite] [as _ttyWrite] (node:internal/readline/interface:1132:18)
    at ReadStream.onkeypress (node:internal/readline/interface:271:20)
    at ReadStream.emit (node:events:531:35)
    at ReadStream.emit (node:domain:489:12)
    at emitKeys (node:internal/readline/utils:370:14)
    at emitKeys.next (<anonymous>)
    at ReadStream.onData (node:internal/readline/emitKeypressEvents:64:36)
[error] 
[error] Error: An unexpected error has occurred.
